Grading at Mon Jul  6 13:14:21 UTC 2020
Trying to compile your code and link with squares_test.o
squares_test.o: In function `isInRange':
squares.c:(.text+0x38): multiple definition of `isInRange'
/tmp/cc1jWmuQ.o:squares.c:(.text+0x38): first defined here
squares_test.o: In function `isAtBorder':
squares.c:(.text+0x63): multiple definition of `isAtBorder'
/tmp/cc1jWmuQ.o:squares.c:(.text+0x63): first defined here
squares_test.o: In function `squares':
squares.c:(.text+0x93): multiple definition of `squares'
/tmp/cc1jWmuQ.o:squares.c:(.text+0x93): first defined here
/usr/lib/gcc/x86_64-linux-gnu/5/../../../x86_64-linux-gnu/crt1.o: In function `_start':
(.text+0x20): undefined reference to `main'
collect2: error: ld returned 1 exit status
Could not compile your code

Overall Grade: FAILED
